app/build/intermediates/manifest_merge_blame_file/debug/manifest-merger-blame-debug-report.txt
1<?xml version="1.0" encoding="utf-8"?>
2<manifest xmlns:android="http://schemas.android.com/apk/res/android"
3    package="com.antitheft.pro"
4    android:versionCode="1"
5    android:versionName="1.0" >
6
7    <uses-sdk
8        android:minSdkVersion="21"
9        android:targetSdkVersion="34" />
10
11    <!-- Permissions -->
12    <uses-permission android:name="android.permission.INTERNET" />
12-->src\main\AndroidManifest.xml:6:5-67
12-->src\main\AndroidManifest.xml:6:22-64
13    <uses-permission android:name="android.permission.ACCESS_NETWORK_STATE" />
13-->src\main\AndroidManifest.xml:7:5-79
13-->src\main\AndroidManifest.xml:7:22-76
14    <uses-permission android:name="android.permission.ACCESS_WIFI_STATE" />
14-->src\main\AndroidManifest.xml:8:5-76
14-->src\main\AndroidManifest.xml:8:22-73
15    <uses-permission android:name="android.permission.CHANGE_WIFI_STATE" />
15-->src\main\AndroidManifest.xml:9:5-76
15-->src\main\AndroidManifest.xml:9:22-73
16    <uses-permission android:name="android.permission.ACCESS_FINE_LOCATION" />
16-->src\main\AndroidManifest.xml:10:5-79
16-->src\main\AndroidManifest.xml:10:22-76
17    <uses-permission android:name="android.permission.ACCESS_COARSE_LOCATION" />
17-->src\main\AndroidManifest.xml:11:5-81
17-->src\main\AndroidManifest.xml:11:22-78
18    <uses-permission android:name="android.permission.ACCESS_BACKGROUND_LOCATION" />
18-->src\main\AndroidManifest.xml:12:5-85
18-->src\main\AndroidManifest.xml:12:22-82
19    <uses-permission android:name="android.permission.CAMERA" />
19-->src\main\AndroidManifest.xml:13:5-65
19-->src\main\AndroidManifest.xml:13:22-62
20    <uses-permission
20-->src\main\AndroidManifest.xml:14:5-16:40
21        android:name="android.permission.WRITE_EXTERNAL_STORAGE"
21-->src\main\AndroidManifest.xml:14:22-78
22        android:maxSdkVersion="32" />
22-->src\main\AndroidManifest.xml:15:9-35
23    <uses-permission
23-->src\main\AndroidManifest.xml:17:5-18:38
24        android:name="android.permission.READ_EXTERNAL_STORAGE"
24-->src\main\AndroidManifest.xml:17:22-77
25        android:maxSdkVersion="32" />
25-->src\main\AndroidManifest.xml:18:9-35
26    <uses-permission android:name="android.permission.FOREGROUND_SERVICE" />
26-->src\main\AndroidManifest.xml:19:5-77
26-->src\main\AndroidManifest.xml:19:22-74
27    <uses-permission android:name="android.permission.FOREGROUND_SERVICE_LOCATION" />
27-->src\main\AndroidManifest.xml:20:5-86
27-->src\main\AndroidManifest.xml:20:22-83
28    <uses-permission android:name="android.permission.FOREGROUND_SERVICE_CAMERA" />
28-->src\main\AndroidManifest.xml:21:5-84
28-->src\main\AndroidManifest.xml:21:22-81
29    <uses-permission android:name="android.permission.REQUEST_IGNORE_BATTERY_OPTIMIZATIONS" />
29-->src\main\AndroidManifest.xml:22:5-95
29-->src\main\AndroidManifest.xml:22:22-92
30    <uses-permission android:name="android.permission.RECEIVE_BOOT_COMPLETED" />
30-->src\main\AndroidManifest.xml:23:5-81
30-->src\main\AndroidManifest.xml:23:22-78
31    <uses-permission android:name="android.permission.WAKE_LOCK" />
31-->src\main\AndroidManifest.xml:24:5-68
31-->src\main\AndroidManifest.xml:24:22-65
32    <uses-permission android:name="android.permission.SYSTEM_ALERT_WINDOW" />
32-->src\main\AndroidManifest.xml:25:5-78
32-->src\main\AndroidManifest.xml:25:22-75
33    <uses-permission android:name="android.permission.USE_BIOMETRIC" />
33-->src\main\AndroidManifest.xml:26:5-72
33-->src\main\AndroidManifest.xml:26:22-69
34
35    <uses-feature
35-->src\main\AndroidManifest.xml:28:5-85
36        android:name="android.hardware.camera"
36-->src\main\AndroidManifest.xml:28:19-57
37        android:required="false" />
37-->src\main\AndroidManifest.xml:28:58-82
38    <uses-feature
38-->src\main\AndroidManifest.xml:29:5-91
39        android:name="android.hardware.camera.front"
39-->src\main\AndroidManifest.xml:29:19-63
40        android:required="false" />
40-->src\main\AndroidManifest.xml:29:64-88
41    <uses-feature
41-->src\main\AndroidManifest.xml:30:5-91
42        android:name="android.hardware.location.gps"
42-->src\main\AndroidManifest.xml:30:19-63
43        android:required="false" />
43-->src\main\AndroidManifest.xml:30:64-88
44    <uses-feature
44-->src\main\AndroidManifest.xml:31:5-90
45        android:name="android.hardware.fingerprint"
45-->src\main\AndroidManifest.xml:31:19-62
46        android:required="false" />
46-->src\main\AndroidManifest.xml:31:63-87
47
48    <application
48-->src\main\AndroidManifest.xml:33:5-150:19
49        android:allowBackup="true"
49-->src\main\AndroidManifest.xml:34:9-35
50        android:debuggable="true"
51        android:extractNativeLibs="true"
52        android:icon="@mipmap/ic_launcher"
52-->src\main\AndroidManifest.xml:35:9-43
53        android:label="@string/app_name"
53-->src\main\AndroidManifest.xml:36:9-41
54        android:roundIcon="@mipmap/ic_launcher_round"
54-->src\main\AndroidManifest.xml:37:9-54
55        android:supportsRtl="true"
55-->src\main\AndroidManifest.xml:38:9-35
56        android:testOnly="true"
57        android:theme="@style/Theme.AntiTheftPro"
57-->src\main\AndroidManifest.xml:39:9-50
58        android:usesCleartextTraffic="true" >
58-->src\main\AndroidManifest.xml:40:9-44
59
60        <!-- Main Activity -->
61        <activity
61-->src\main\AndroidManifest.xml:44:9-52:20
62            android:name="com.antitheft.pro.activities.MainActivity"
62-->src\main\AndroidManifest.xml:45:13-52
63            android:exported="true"
63-->src\main\AndroidManifest.xml:46:13-36
64            android:screenOrientation="portrait" >
64-->src\main\AndroidManifest.xml:47:13-49
65            <intent-filter>
65-->src\main\AndroidManifest.xml:48:13-51:29
66                <action android:name="android.intent.action.MAIN" />
66-->src\main\AndroidManifest.xml:49:17-69
66-->src\main\AndroidManifest.xml:49:25-66
67
68                <category android:name="android.intent.category.LAUNCHER" />
68-->src\main\AndroidManifest.xml:50:17-77
68-->src\main\AndroidManifest.xml:50:27-74
69            </intent-filter>
70        </activity>
71
72        <!-- Authentication Activities -->
73        <activity
73-->src\main\AndroidManifest.xml:55:9-58:52
74            android:name="com.antitheft.pro.activities.LoginActivity"
74-->src\main\AndroidManifest.xml:56:13-53
75            android:exported="false"
75-->src\main\AndroidManifest.xml:57:13-37
76            android:screenOrientation="portrait" />
76-->src\main\AndroidManifest.xml:58:13-49
77        <activity
77-->src\main\AndroidManifest.xml:60:9-63:52
78            android:name="com.antitheft.pro.activities.RegisterActivity"
78-->src\main\AndroidManifest.xml:61:13-56
79            android:exported="false"
79-->src\main\AndroidManifest.xml:62:13-37
80            android:screenOrientation="portrait" />
80-->src\main\AndroidManifest.xml:63:13-49
81        <activity
81-->src\main\AndroidManifest.xml:65:9-68:52
82            android:name="com.antitheft.pro.activities.EmailVerificationActivity"
82-->src\main\AndroidManifest.xml:66:13-65
83            android:exported="false"
83-->src\main\AndroidManifest.xml:67:13-37
84            android:screenOrientation="portrait" />
84-->src\main\AndroidManifest.xml:68:13-49
85
86        <!-- Set PIN Activity -->
87        <activity
87-->src\main\AndroidManifest.xml:71:9-74:52
88            android:name="com.antitheft.pro.activities.SetPinActivity"
88-->src\main\AndroidManifest.xml:72:13-54
89            android:exported="false"
89-->src\main\AndroidManifest.xml:73:13-37
90            android:screenOrientation="portrait" />
90-->src\main\AndroidManifest.xml:74:13-49
91
92        <!-- PIN Lock Activity -->
93        <activity
93-->src\main\AndroidManifest.xml:77:9-82:49
94            android:name="com.antitheft.pro.activities.PinLockActivity"
94-->src\main\AndroidManifest.xml:78:13-55
95            android:excludeFromRecents="true"
95-->src\main\AndroidManifest.xml:82:13-46
96            android:exported="false"
96-->src\main\AndroidManifest.xml:79:13-37
97            android:launchMode="singleTask"
97-->src\main\AndroidManifest.xml:80:13-44
98            android:screenOrientation="portrait" />
98-->src\main\AndroidManifest.xml:81:13-49
99
100        <!-- Settings Activity -->
101        <activity
101-->src\main\AndroidManifest.xml:85:9-88:52
102            android:name="com.antitheft.pro.activities.SettingsActivity"
102-->src\main\AndroidManifest.xml:86:13-56
103            android:exported="false"
103-->src\main\AndroidManifest.xml:87:13-37
104            android:screenOrientation="portrait" />
104-->src\main\AndroidManifest.xml:88:13-49
105
106        <!-- Tracking Activity -->
107        <activity
107-->src\main\AndroidManifest.xml:91:9-94:52
108            android:name="com.antitheft.pro.activities.TrackingActivity"
108-->src\main\AndroidManifest.xml:92:13-56
109            android:exported="false"
109-->src\main\AndroidManifest.xml:93:13-37
110            android:screenOrientation="portrait" />
110-->src\main\AndroidManifest.xml:94:13-49
111
112        <!-- Intruders Activity -->
113        <activity
113-->src\main\AndroidManifest.xml:97:9-100:52
114            android:name="com.antitheft.pro.activities.IntrudersActivity"
114-->src\main\AndroidManifest.xml:98:13-57
115            android:exported="false"
115-->src\main\AndroidManifest.xml:99:13-37
116            android:screenOrientation="portrait" />
116-->src\main\AndroidManifest.xml:100:13-49
117
118        <!-- Services -->
119        <service
119-->src\main\AndroidManifest.xml:103:9-107:56
120            android:name="com.antitheft.pro.services.LocationTrackingService"
120-->src\main\AndroidManifest.xml:104:13-61
121            android:enabled="true"
121-->src\main\AndroidManifest.xml:105:13-35
122            android:exported="false"
122-->src\main\AndroidManifest.xml:106:13-37
123            android:foregroundServiceType="location" />
123-->src\main\AndroidManifest.xml:107:13-53
124        <service
124-->src\main\AndroidManifest.xml:109:9-113:54
125            android:name="com.antitheft.pro.services.CameraService"
125-->src\main\AndroidManifest.xml:110:13-51
126            android:enabled="true"
126-->src\main\AndroidManifest.xml:111:13-35
127            android:exported="false"
127-->src\main\AndroidManifest.xml:112:13-37
128            android:foregroundServiceType="camera" />
128-->src\main\AndroidManifest.xml:113:13-51
129        <service
129-->src\main\AndroidManifest.xml:115:9-118:40
130            android:name="com.antitheft.pro.services.WifiScannerService"
130-->src\main\AndroidManifest.xml:116:13-56
131            android:enabled="true"
131-->src\main\AndroidManifest.xml:117:13-35
132            android:exported="false" />
132-->src\main\AndroidManifest.xml:118:13-37
133
134        <!-- Receivers -->
135        <receiver
135-->src\main\AndroidManifest.xml:121:9-129:20
136            android:name="com.antitheft.pro.receivers.BootReceiver"
136-->src\main\AndroidManifest.xml:122:13-51
137            android:enabled="true"
137-->src\main\AndroidManifest.xml:123:13-35
138            android:exported="true" >
138-->src\main\AndroidManifest.xml:124:13-36
139            <intent-filter>
139-->src\main\AndroidManifest.xml:125:13-128:29
140                <action android:name="android.intent.action.BOOT_COMPLETED" />
140-->src\main\AndroidManifest.xml:126:17-79
140-->src\main\AndroidManifest.xml:126:25-76
141                <action android:name="android.intent.action.QUICKBOOT_POWERON" />
141-->src\main\AndroidManifest.xml:127:17-82
141-->src\main\AndroidManifest.xml:127:25-79
142            </intent-filter>
143        </receiver>
144        <receiver
144-->src\main\AndroidManifest.xml:131:9-139:20
145            android:name="com.antitheft.pro.receivers.PowerButtonReceiver"
145-->src\main\AndroidManifest.xml:132:13-58
146            android:enabled="true"
146-->src\main\AndroidManifest.xml:133:13-35
147            android:exported="false" >
147-->src\main\AndroidManifest.xml:134:13-37
148            <intent-filter>
148-->src\main\AndroidManifest.xml:135:13-138:29
149                <action android:name="android.intent.action.SCREEN_OFF" />
149-->src\main\AndroidManifest.xml:136:17-75
149-->src\main\AndroidManifest.xml:136:25-72
150                <action android:name="android.intent.action.SCREEN_ON" />
150-->src\main\AndroidManifest.xml:137:17-74
150-->src\main\AndroidManifest.xml:137:25-71
151            </intent-filter>
152        </receiver>
153        <receiver
153-->src\main\AndroidManifest.xml:141:9-148:20
154            android:name="com.antitheft.pro.receivers.SimChangeReceiver"
154-->src\main\AndroidManifest.xml:142:13-56
155            android:enabled="true"
155-->src\main\AndroidManifest.xml:143:13-35
156            android:exported="false" >
156-->src\main\AndroidManifest.xml:144:13-37
157            <intent-filter>
157-->src\main\AndroidManifest.xml:145:13-147:29
158                <action android:name="android.intent.action.SIM_STATE_CHANGED" />
158-->src\main\AndroidManifest.xml:146:17-82
158-->src\main\AndroidManifest.xml:146:25-79
159            </intent-filter>
160        </receiver>
161    </application>
162
163</manifest>